  Ray_Caster.cpp
C:\C++\C++_VS_Projects\Ray_Caster\Ray_Caster\Attributes.h(121,14): warning C4305: '=': truncation from 'double' to 'float'
C:\C++\C++_VS_Projects\Ray_Caster\Ray_Caster\Ray_Caster.cpp(41,74): warning C4244: 'argument': conversion from 'int' to 'T', possible loss of data
          with
          [
              T=float
          ]
C:\C++\C++_VS_Projects\Ray_Caster\Ray_Caster\Ray_Caster.cpp(45,74): warning C4244: 'argument': conversion from 'int' to 'T', possible loss of data
          with
          [
              T=float
          ]
C:\C++\C++_VS_Projects\Ray_Caster\Ray_Caster\Ray_Caster.cpp(49,71): warning C4244: 'argument': conversion from 'int' to 'T', possible loss of data
          with
          [
              T=float
          ]
C:\C++\C++_VS_Projects\Ray_Caster\Ray_Caster\Ray_Caster.cpp(53,71): warning C4244: 'argument': conversion from 'int' to 'T', possible loss of data
          with
          [
              T=float
          ]
C:\C++\C++_VS_Projects\Ray_Caster\Ray_Caster\Entities.h(58): warning C4715: 'Entity::getAttribute<C_Shape>': not all control paths return a value
C:\C++\C++_VS_Projects\Ray_Caster\Ray_Caster\Entities.h(58): warning C4715: 'Entity::getAttribute<Vertex>': not all control paths return a value
C:\C++\C++_VS_Projects\Ray_Caster\Ray_Caster\Entities.h(58): warning C4715: 'Entity::getAttribute<Physics>': not all control paths return a value
  Ray_Caster.vcxproj -> C:\C++\C++_VS_Projects\Ray_Caster\x64\Debug\Ray_Caster.exe
